surveying miniprogram /home/bella-xia/auto-testing/wxml_parser/alternative_trial_results/log_13_wx7fbb70a732424777.json
surveying page pages/start/start
surveying page pages/home/home
Elementswiper bind function bindchange not yet implemented
surveying page pages/news/news
surveying page pages/activity/activity
surveying page pages/activity/detail/activityDetail
surveying page pages/mine/mine
Elementofficial-account bind function bindload not yet implemented
surveying page pages/chamber/chamber
surveying page pages/member/member
surveying page pages/news/article/article
surveying page pages/member/article/article
surveying page pages/join/memberClaim/first/claimInfo
surveying page pages/mine/list/callbook/callbook
Elementpicker bind function bindchange not yet implemented
Elementi-tabs bind function bindchange not yet implemented
surveying page pages/mine/list/chamber/mychamber
surveying page pages/mine/list/chamber/record/payrecord
surveying page pages/mine/list/chamber/archives/archives
surveying page pages/mine/list/chamberclub/chamberClub
surveying page pages/mine/toolbar/message/mymessage
Elementi-tabs bind function bindchange not yet implemented
surveying page pages/mine/toolbar/message/messageinfo/messageInfo
Elementtextarea bind function bindinput not yet implemented
surveying page pages/mine/toolbar/activity/myactivity
surveying page pages/album/albumList/albumList
Elementpicker bind function bindchange not yet implemented
surveying page pages/album/albumDetail/albumDetail
Elementvideo bind function binderror not yet implemented
Elementvideo bind function bindplay not yet implemented
Elementvideo bind function bindprogress not yet implemented
Elementvideo bind function bindwaiting not yet implemented
surveying page pages/question/question
Elementi-input bind function bindchange not yet implemented
Elementi-input bind function bindchange not yet implemented
Elementradio-group bind function bindchange not yet implemented
Elementi-input bind function bindchange not yet implemented
Elementi-input bind function bindchange not yet implemented
surveying page pages/question/questStart/questStart
surveying page pages/question/questionAll/questionAll
Elementi-input bind function bindchange not yet implemented
Elementi-input bind function bindchange not yet implemented
Elementradio-group bind function bindchange not yet implemented
Elementi-input bind function bindchange not yet implemented
Elementi-input bind function bindchange not yet implemented
surveying page pages/homeSlideDetail/homeSlideDetail
surveying page pages/join/memberApply/preface/preface
surveying page pages/join/memberApply/joinMember/joinMember
Elementpicker bind function bindchange not yet implemented
Elementi-input bind function bindchange not yet implemented
Elementi-input bind function bindchange not yet implemented
Elementradio-group bind function bindchange not yet implemented
Elementpicker bind function bindchange not yet implemented
Elementpicker bind function bindchange not yet implemented
Elementpicker bind function bindchange not yet implemented
Elementi-input bind function bindchange not yet implemented
Elementpicker bind function bindchange not yet implemented
Elementpicker bind function bindchange not yet implemented
Elementpicker bind function bindchange not yet implemented
Elementpicker bind function bindcolumnchange not yet implemented
surveying page pages/join/circleApply/circleApply
Elementpicker bind function bindchange not yet implemented
Elementradio-group bind function bindchange not yet implemented
surveying page pages/question/questionList/questionList
surveying page pages/web/web
surveying page pages/company/company
surveying page pages/search/searchList/searchList
