surveying miniprogram /home/bella-xia/auto-testing/wxml_parser/alternative_trial_results/log_16_wx99717e68e6fc4244.json
surveying page pages/scanCode/index
surveying page pages/consumers/consumers
surveying page pages/shopIndex/shopIndex
surveying page pages/index/index
surveying page pages/login/login
surveying page pages/shopCar/index
Elementscroll-view bind function bindrefresherrefresh not yet implemented
surveying page pages/submitOrder/submitOrder
surveying page pages/central/index
surveying page pages/dfk/dfk
surveying page pages/dfh/dfh
surveying page pages/yfh/yfh
surveying page pages/yqx/yqx
surveying page pages/tksh/tksh
surveying page pages/orderDetail/orderDetail
surveying page pages/order/order
surveying page pages/couponList/couponList
surveying page pages/newAddress/newAddress
Elementpicker bind function bindchange not yet implemented
Elementpicker bind function bindcolumnchange not yet implemented
surveying page pages/address/address
surveying page pages/collectShop/collectShop
surveying page pages/collectProduct/collectProduct
surveying page pages/payType/payType
surveying page pages/productDetail/index
surveying page pages/webview/webview
surveying page pages/service/service
surveying page pages/useCoupon/useCoupon
surveying page pages/logistics/logistics
surveying page pages/blank/blank
surveying page pages/shopIndex/search/search
Elementinput bind function bindconfirm not yet implemented
surveying page pages/shopIndex/shopActivity/shopActivity
surveying page pages/shopIndex/more/more
