surveying miniprogram /home/bella-xia/auto-testing/wxml_parser/alternative_trial_results/log_15_wx7bf99600808c08a2.json
surveying page pages/index/index
Elementpicker bind function bindchange not yet implemented
surveying page pages/fansrank/fansrank
surveying page pages/DIYcontent/DIYcontent
Elementinput bind function bindconfirm not yet implemented
Elementpicker bind function bindchange not yet implemented
surveying page pages/luckydraw/luckydraw
surveying page pages/smashgoldeneggs/smashgoldeneggs
surveying page pages/fightgroupslist/fightgroupslist
surveying page pages/productdetail/productdetail
Elementswiper bind function bindchange not yet implemented
surveying page pages/category/category
Elementswiper bind function bindchange not yet implemented
surveying page pages/fightgroupsdetail/fightgroupsdetail
surveying page pages/cart/cart
surveying page pages/Flavorcho/Flavorcho
Elementtextarea bind function bindinput not yet implemented
surveying page pages/Receivetails/Receivetails
surveying page pages/orderlist/orderlist
surveying page pages/search/search
Elementinput bind function bindconfirm not yet implemented
surveying page pages/UserCenter/UserCenter
Elementview bind function bindgetuserinfo not yet implemented
surveying page pages/personaldata/personaldata
Elementpicker bind function bindchange not yet implemented
Elementpicker bind function bindchange not yet implemented
surveying page pages/cashaccount/cashaccount
surveying page pages/carDdetails/carDdetails
surveying page pages/endorsement/endorsement
surveying page pages/addresslist/addresslist
surveying page pages/addressmanage/addressmanage
Elementswitch bind function bindchange not yet implemented
Elementpicker-view bind function bindchange not yet implemented
surveying page pages/bindphone/bindphone
surveying page pages/orderdetail/orderdetail
Elementmap bind function bindcontroltap not yet implemented
Elementmap bind function bindregionchange not yet implemented
Elementmap bind function bindcontroltap not yet implemented
Elementmap bind function bindregionchange not yet implemented
surveying page pages/goodcollection/goodcollection
surveying page pages/productlist/productlist
Elementinput bind function bindconfirm not yet implemented
surveying page pages/logisticsprogress/logisticsprogress
surveying page pages/profitlist/profitlist
surveying page pages/fanslist/fanslist
surveying page pages/cashdetaillist/cashdetaillist
surveying page pages/applycash/applycash
surveying page pages/fightgroupsorderlist/fightgroupsorderlist
surveying page pages/nearbylist/nearbylist
surveying page pages/usercoupon/usercoupon
Elementview bind function bindscrolltolower not yet implemented
surveying page pages/couponsuitproduct/couponsuitproduct
surveying page pages/applycashdetail/applycashdetail
surveying page pages/suitcouponlist/suitcouponlist
surveying page pages/userfeedback/userfeedback
Elementtextarea bind function bindblur not yet implemented
Elementtextarea bind function bindinput not yet implemented
surveying page pages/PComment/PComment
Elementtextarea bind function bindinput not yet implemented
surveying page pages/PCommentList/PCommentList
surveying page pages/AboutMerchant/AboutMerchant
surveying page pages/favorable/favorable
Elementswitch bind function bindchange not yet implemented
surveying page pages/favorableorderdetail/favorableorderdetail
surveying page pages/favorablesuitcouponlist/favorablesuitcouponlist
surveying page pages/member/member
surveying page pages/growthValue/growthValue
surveying page pages/integral/integral
surveying page pages/takeOut/takeOut
surveying page pages/video/video
surveying page pages/drawnearbylist/drawnearbylist
surveying page pages/bargain/bargain
surveying page pages/bargainlist/bargainlist
surveying page pages/bargainDetail/bargainDetail
surveying page pages/mybargainlist/mybargainlist
surveying page pages/orderFood/orderFood
surveying page pages/orderTrue/orderTrue
Elementpicker bind function bindchange not yet implemented
surveying page pages/scan/scan
surveying page pages/remark/remark
Elementtextarea bind function bindinput not yet implemented
surveying page pages/orderMessage/orderMessage
surveying page pages/orderPay/orderPay
Elementswitch bind function bindchange not yet implemented
surveying page pages/orderMessageDetail/orderMessageDetail
surveying page pages/QRcode/QRcode
surveying page pages/navigationpage/navigationpage
Elementpicker bind function bindchange not yet implemented
surveying page pages/newsletter/newsletter
surveying page pages/SecondaryPage/SecondaryPage
Elementpicker bind function bindchange not yet implemented
surveying page pages/integralPage/integralPage
surveying page pages/publicQRcode/publicQRcode
surveying page pages/recharge/recharge
surveying page pages/cashbalance/cashbalance
surveying page pages/rechargeorderdetail/rechargeorderdetail
surveying page pages/webpage/webpage
surveying page pages/redpacket/redpacket
surveying page pages/luckyfightgroupslist/luckyfightgroupslist
surveying page pages/greetingCard/greetingCard
surveying page pages/Popularitycharts/Popularitycharts
surveying page pages/receivecontent/receivecontent
surveying page pages/Seconds/Seconds
surveying page pages/moneyrule/moneyrule
surveying page server/productdetail/productdetail
Elementswiper bind function bindchange not yet implemented
surveying page server/productList/productList
surveying page server/orderlist/orderlist
surveying page pages/invoiceSave/invoiceSave
Elementradio-group bind function bindchange not yet implemented
Elementswitch bind function bindchange not yet implemented
Elementswitch bind function bindchange not yet implemented
surveying page pages/invoiceDetail/invoiceDetail
