surveying miniprogram /home/bella-xia/auto-testing/wxml_parser/alternative_trial_results/log_6_wx83a1f19d142cbfb8.json
surveying page pages/workMainpage/workMainpage
Elementswiper bind function bindchange not yet implemented
surveying page pages/opendocument/opendocument
surveying page pages/myPersonDetail/myPersonDetail
surveying page pages/jiejingMessage/jiejingMessage
surveying page pages/payplatform/payplatform
surveying page pages/customerManage/customerDetail/customerDetail
surveying page pages/customerManage/customerList/customerList
Elementscroll-view bind function bindrefresherrefresh not yet implemented
Elementpicker bind function bindchange not yet implemented
surveying page pages/work/work
surveying page pages/customerManage/customerManage
surveying page pages/work/myTable/myTable
surveying page pages/login/login
surveying page pages/index/index
surveying page pages/logs/logs
surveying page pages/myLog/myLog
surveying page pages/work/task/task
Elementpicker bind function bindchange not yet implemented
Elementpicker bind function bindchange not yet implemented
Elementtextarea bind function bindinput not yet implemented
surveying page pages/work/addtask/addtask
Elementtextarea bind function bindinput not yet implemented
Elementpicker bind function bindchange not yet implemented
Elementpicker bind function bindcolumnchange not yet implemented
surveying page pages/work/addPeople/addPeople
surveying page pages/work/taskDetail/taskDetail
Elementtextarea bind function bindinput not yet implemented
Elementpicker bind function bindchange not yet implemented
Elementpicker bind function bindcolumnchange not yet implemented
Elementtextarea bind function bindinput not yet implemented
Elementtextarea bind function bindinput not yet implemented
Elementtextarea bind function bindinput not yet implemented
surveying page pages/myLog/addLog/addLog
Elementpicker bind function bindchange not yet implemented
Elementpicker bind function bindcolumnchange not yet implemented
Elementtextarea bind function bindinput not yet implemented
surveying page pages/work/taskSuccess/taskSuccess
Elementtextarea bind function bindconfirm not yet implemented
surveying page pages/myLog/editeLog/editeLog
Elementtextarea bind function bindinput not yet implemented
surveying page pages/workMainpage/workWebPage/workWebPage
Elementweb-view bind function bindload not yet implemented
surveying page pages/locationSel/locationSel
surveying page pages/successStatus/successStatus
