surveying miniprogram /home/bella-xia/auto-testing/wxml_parser/alternative_trial_results/log_18_wx4e1b2aca85a4de6d.json
surveying page pages/index/index
surveying page pages/index/search
Elementinput bind function bindconfirm not yet implemented
surveying page pages/shopIndex/shopIndex
surveying page pages/home/home3
Elementpicker bind function bindchange not yet implemented
surveying page pages/discover/discover
surveying page pages/order/order
surveying page pages/my/my
surveying page pages/tradearea/tradearea
surveying page pages/secondhand/secondhand
surveying page pages/secondhand/secondhandPublish
Elementpicker bind function bindchange not yet implemented
Elementtextarea bind function bindinput not yet implemented
surveying page pages/secondhand/secondhandDetail
surveying page pages/secondhand/secondhandSearch
surveying page pages/logs/logs
surveying page pages/common/error/error
surveying page components/dsselectobj
