surveying miniprogram /home/bella-xia/auto-testing/wxml_parser/alternative_trial_results/log_10_wx8d762feb611da990.json
surveying page pages/store/storeIndex
surveying page pages/index/index
surveying page pages/store/project/detail/projectDetail
surveying page pages/store/product/detail/productDetail
surveying page pages/store/vipCard/detail/vipCardDetail
surveying page pages/shopList/shopList
surveying page pages/store/seckill/seckillDetail/seckillDetail
surveying page pages/userInfo/userAuth/userAuth
surveying page pages/store/orderPay/orderPay
surveying page pages/store/project/list/projectList
surveying page pages/store/product/list/productList
surveying page pages/store/seckill/list/seckillList
surveying page pages/store/vipCard/list/vipCardList
surveying page pages/userInfo/userOrder/list/userOrderList
surveying page pages/userInfo/userOrder/detail/orderDetail
surveying page pages/store/groupBuy/list/groupBuyList
surveying page pages/store/groupBuy/detail/groupBuyDetail
surveying page pages/store/groupBuy/groupDetail/groupDetail
surveying page pages/userInfo/userAddressList/userAddressList
surveying page pages/store/shopCart/shopCart
surveying page pages/store/shopCartPay/shopCartPay
surveying page pages/userInfo/userInfoIndex
surveying page pages/userInfo/userCenter/course/courseList
surveying page pages/userInfo/userCenter/package/packageList
surveying page pages/userInfo/userCenter/qua/quaList
surveying page pages/userInfo/userCenter/store/storeList
surveying page pages/userInfo/userCenter/voucher/voucherList
surveying page pages/userInfo/userCenter/consHistory/consHistory
surveying page pages/store/customPage
surveying page pages/store/customTabItem/customTabItem1
surveying page pages/store/customTabItem/customTabItem2
surveying page pages/store/customTabItem/customTabItem3
surveying page pages/userInfo/empInfo/empBind/empBind
surveying page pages/userInfo/empInfo/empInfo
Elementpicker bind function bindchange not yet implemented
surveying page pages/userInfo/empInfo/empMarket/empMarket
surveying page pages/share/posterShare
surveying page pages/userInfo/empInfo/empOrder/empOrder
Elementpicker bind function bindchange not yet implemented
Elementpicker bind function bindchange not yet implemented
Elementpicker bind function bindchange not yet implemented
surveying page pages/userInfo/empInfo/empGroupTeamInfo/empGroupTeamInfo
Elementpicker bind function bindchange not yet implemented
Elementpicker bind function bindchange not yet implemented
Elementpicker bind function bindchange not yet implemented
surveying page pages/userInfo/onlineVip/onlineVip
Elementswiper bind function bindchange not yet implemented
surveying page pages/userInfo/userCenter/userInfo/userInfo
Elementpicker bind function bindchange not yet implemented
Elementpicker bind function bindchange not yet implemented
Elementpicker-view bind function bindchange not yet implemented
surveying page pages/userInfo/userCenter/userInfo/changeUserInfo/changeUserInfo
surveying page pages/res/resIndex
surveying page pages/res/resAdd/resAdd
surveying page pages/res/empCard/empCard
surveying page pages/userInfo/userRes/userRes
surveying page pages/userInfo/userOrder/activityShot/activityShot
surveying page pages/userInfo/empInfo/empPoster/empPoster
surveying page pages/store/coupon/list/couponList
surveying page pages/store/coupon/detail/couponDetail
surveying page pages/userInfo/myCards/myCards
Elementswiper bind function bindchange not yet implemented
surveying page pages/userInfo/myCards/cardManage/cardManage
Elementswiper bind function bindchange not yet implemented
surveying page pages/userInfo/myCards/avoidPswPay/avoidPswPay
Elementinput bind function bindchange not yet implemented
surveying page pages/userInfo/myCards/changePsw/changePsw
Elementinput bind function bindchange not yet implemented
Elementinput bind function bindchange not yet implemented
surveying page pages/userInfo/myCards/wxNotice/wxNotice
surveying page pages/cashOrder/cashOrder
surveying page pages/userInfo/myCards/pwdBindCard/pwdBindCard
Elementinput bind function bindchange not yet implemented
Elementinput bind function bindchange not yet implemented
Elementinput bind function bindchange not yet implemented
surveying page pages/userInfo/distribution/distribution
Elementpicker bind function bindchange not yet implemented
Elementpicker bind function bindchange not yet implemented
surveying page pages/userInfo/cardHistory/cardHistory
surveying page pages/store/coupon/couponGiving/couponGiving
surveying page pages/sharedPartner/sharedPartnerIndex
surveying page pages/sharedPartner/sharedPartnerJoin/sharedPartnerJoin
surveying page pages/sharedPartner/mySharedPartner/mySharedPartner
surveying page pages/store/partnerPlant/detail/partnerPlantDetail
surveying page pages/sharedPartner/commManage/commManage
surveying page pages/sharedPartner/commWithdrawal/commWithdrawal
surveying page pages/test
