surveying miniprogram /home/bella-xia/auto-testing/wxml_parser/alternative_trial_results/log_17_wx8b0d722749666d1c.json
surveying page pages/index/index
surveying page pages/classchoice/classchoice
Elementinput bind function bindkeyboardheightchange not yet implemented
Elementpicker bind function bindchange not yet implemented
Elementpicker bind function bindcolumnchange not yet implemented
surveying page pages/editclass/editclass
Elementinput bind function bindkeyboardheightchange not yet implemented
Elementpicker bind function bindchange not yet implemented
Elementpicker bind function bindcolumnchange not yet implemented
surveying page pages/isWare/isware
surveying page pages/faceenter/faceenter
surveying page pages/result/result
surveying page pages/result3/result3
surveying page pages/userinfo1/userinfo1
surveying page pages/member/member
Elementimage-cropper bind function bindload not yet implemented
surveying page pages/mylist/mylist
surveying page pages/success/success
surveying page pages/share/share
surveying page pages/checkuser/checkuser
surveying page pages/etext/etext
surveying page pages/teach/teach
surveying page pages/result2/result2
surveying page pages/eyetype/eyetype
surveying page pages/query/query
surveying page pages/userinfo/userinfo
surveying page pages/sounds/sounds
surveying page pages/card/card
surveying page pages/weburl1/weburl1
surveying page pages/load/load
surveying page pages/list/list
surveying page pages/weburl/weburl
surveying page pages/logs/logs
surveying page pages/edit/edit
