surveying miniprogram /home/bella-xia/auto-testing/wxml_parser/alternative_trial_results/log_14_wxa12867f7bb06a013.json
surveying page pages/index/index
Elementswiper bind function bindchange not yet implemented
surveying page pages/category/index
surveying page pages/population/index
Elementpicker bind function bindchange not yet implemented
surveying page pages/population/add
Elementpicker bind function bindchange not yet implemented
surveying page pages/replace/connect
Elementpicker bind function bindchange not yet implemented
surveying page pages/heating/scouting
Elementpicker bind function bindchange not yet implemented
surveying page pages/property/index
surveying page pages/account/addr
surveying page pages/account/apply
Elementpicker bind function bindchange not yet implemented
surveying page pages/account/choose
surveying page pages/discover/index
surveying page pages/mall/index/index
surveying page pages/mall/address/index
Elementradio-group bind function bindchange not yet implemented
surveying page pages/mall/address/create
Elementpicker bind function bindchange not yet implemented
Elementpicker bind function bindchange not yet implemented
surveying page pages/mall/address/detail
Elementpicker bind function bindchange not yet implemented
Elementpicker bind function bindchange not yet implemented
surveying page pages/mall/category/index
surveying page pages/mall/category/list
surveying page pages/mall/flow/index
surveying page pages/mall/flow/checkout
Elementpicker bind function bindchange not yet implemented
Elementtextarea bind function bindinput not yet implemented
surveying page pages/mall/goods/index
Elementswiper bind function bindchange not yet implemented
surveying page pages/mall/login/login
surveying page pages/mall/login/staff
surveying page pages/mall/order/index
surveying page pages/mall/order/detail
surveying page pages/mall/search/index
surveying page pages/user/index
surveying page pages/bill/bills
Elementpicker bind function bindchange not yet implemented
surveying page pages/bill/details
surveying page pages/bill/pay
surveying page pages/account/bindUser
Elementpicker bind function bindchange not yet implemented
Elementofficial-account bind function bindload not yet implemented
surveying page pages/account/userList
surveying page pages/account/how
surveying page pages/authorize/authorize
surveying page pages/recharge/recharge
surveying page pages/recharge/znRecharge
surveying page pages/recharge/VCCTransfer
surveying page pages/recharge/VCCSelectCard
surveying page pages/recharge/HRTransfer
surveying page pages/recharge/JNGHRecharge
surveying page pages/recharge/icRecharge
surveying page pages/recharge/bleRecharge
surveying page pages/recharge/TCRecharge
surveying page pages/recharge/CRMRecharge
surveying page pages/recharge/selectCard
surveying page pages/payResult/payResult
surveying page pages/payRecord/payRecord
Elementpicker bind function bindchange not yet implemented
Elementpicker bind function bindchange not yet implemented
surveying page pages/payRecord/vccTransferRecord
Elementpicker bind function bindchange not yet implemented
Elementpicker bind function bindchange not yet implemented
surveying page pages/payRecord/vccTransferRecordDetail
surveying page pages/payRecord/payRecordDetails
surveying page pages/payRecord/notTransferRecord
surveying page pages/branches/index
surveying page pages/branches/map
Elementmap bind function bindcontroltap not yet implemented
Elementmap bind function bindregionchange not yet implemented
surveying page pages/help/standard
surveying page pages/help/account
surveying page pages/help/doubt
surveying page pages/help/feedProblem
Elementpicker bind function bindchange not yet implemented
Elementtextarea bind function bindinput not yet implemented
surveying page pages/help/hotServiceTel
surveying page pages/help/help
surveying page pages/feeGuide/index
surveying page pages/notice/list
surveying page pages/analyse/index
surveying page pages/notice/details
surveying page pages/ignite/index
Elementpicker bind function bindchange not yet implemented
surveying page pages/residentBusiness/installApply
Elementpicker bind function bindchange not yet implemented
surveying page pages/residentBusiness/progressList
surveying page pages/residentBusiness/acceptanceProgress
surveying page pages/readMeter/readMeter
surveying page pages/readMeter/readMeterRecord
surveying page pages/readMeter/readMeterResult
surveying page pages/residentBusiness/bussniessPay
surveying page pages/residentBusiness/residentBusiness
surveying page pages/residentBusiness/transferName
Elementpicker bind function bindchange not yet implemented
surveying page pages/residentBusiness/pipeAlteration
Elementpicker bind function bindchange not yet implemented
surveying page pages/residentBusiness/cookerRepair
Elementpicker bind function bindchange not yet implemented
Elementpicker bind function bindcolumnchange not yet implemented
Elementpicker bind function bindchange not yet implemented
surveying page pages/residentBusiness/modifyApplyInfo
surveying page pages/residentBusiness/modifyContactInfo
surveying page pages/residentBusiness/gasupplement
surveying page pages/staffPath/staffPath
surveying page pages/staffPath/infoDetail
surveying page pages/staffPath/login
surveying page pages/nonresidentBusiness/nonresidentBusiness
surveying page pages/nonresidentBusiness/openAccount
Elementpicker bind function bindchange not yet implemented
Elementpicker bind function bindchange not yet implemented
surveying page pages/nonresidentBusiness/igniteApply
Elementpicker bind function bindchange not yet implemented
surveying page pages/nonresidentBusiness/changePaymethod
Elementpicker bind function bindchange not yet implemented
surveying page pages/nonresidentBusiness/changeBillInfo
surveying page pages/nonresidentBusiness/pipeAlteration
Elementpicker bind function bindchange not yet implemented
surveying page pages/nonresidentBusiness/transferHouse
surveying page pages/nonresidentBusiness/closeAccount
surveying page pages/electronicInvoice/electronicInvoice
surveying page pages/electronicInvoice/openBillInfo
surveying page pages/electronicInvoice/historyRecord
surveying page pages/electronicInvoice/billDetailInfo
surveying page pages/zjkBankEnter/zjkBankEnter
Elementweb-view bind function binderror not yet implemented
Elementweb-view bind function bindload not yet implemented
surveying page pages/industryBusiness/industryBusiness
surveying page pages/gasReport/gasReport
surveying page pages/gasReport/reportRecord
Elementpicker bind function bindchange not yet implemented
Elementpicker bind function bindchange not yet implemented
surveying page pages/gasReport/gasBillList
Elementpicker bind function bindchange not yet implemented
Elementpicker bind function bindchange not yet implemented
surveying page pages/gasReport/gasBillDetail
