surveying miniprogram /home/bella-xia/auto-testing/wxml_parser/alternative_trial_results/log_5_wx7a4e7d465ac09eea.json
surveying page pages/index/index
surveying page pages/custom/index
surveying page pages/category/index
surveying page pages/category/list
surveying page pages/goods/index
Elementswiper bind function bindchange not yet implemented
Elementpicker bind function bindchange not yet implemented
surveying page pages/goods/comment/comment
surveying page pages/search/index
surveying page pages/flow/index
surveying page pages/flow/checkout
surveying page pages/coupon/coupon
surveying page pages/card/index
surveying page pages/card/detail/index
surveying page pages/user/index
surveying page pages/user/wallet/index
surveying page pages/user/wallet/balance/log
surveying page pages/user/recharge/index
surveying page pages/user/recharge/order/index
surveying page pages/user/coupon/coupon
surveying page pages/user/master/index
surveying page pages/user/master/detail/index
surveying page pages/user/card/index
surveying page pages/user/card/detail/index
surveying page pages/user/help/index
surveying page pages/user/message/index
surveying page pages/user/message/apply/index
surveying page pages/order/index
surveying page pages/order/detail/detail
surveying page pages/order/express/express
surveying page pages/order/comment/comment
Elementtextarea bind function bindinput not yet implemented
surveying page pages/order/refund/index
surveying page pages/order/refund/apply/apply
surveying page pages/order/refund/detail/detail
surveying page pages/address/index
Elementradio-group bind function bindchange not yet implemented
surveying page pages/address/create
Elementpicker bind function bindchange not yet implemented
surveying page pages/address/detail
Elementpicker bind function bindchange not yet implemented
surveying page pages/login/login
surveying page pages/dealer/index/index
surveying page pages/dealer/apply/apply
surveying page pages/dealer/addus/addus
Elementpicker bind function bindchange not yet implemented
Elementpicker bind function bindchange not yet implemented
surveying page pages/dealer/order/order
surveying page pages/dealer/team/team
surveying page pages/dealer/withdraw/apply/apply
surveying page pages/dealer/withdraw/list/list
surveying page pages/dealer/qrcode/qrcode
surveying page pages/sharing/index/index
surveying page pages/sharing/goods/index
Elementswiper bind function bindchange not yet implemented
Elementpicker bind function bindchange not yet implemented
surveying page pages/sharing/goods/comment/comment
surveying page pages/sharing/active/index
Elementpicker bind function bindchange not yet implemented
surveying page pages/sharing/checkout/index
surveying page pages/sharing/order/index
surveying page pages/sharing/order/detail/detail
surveying page pages/sharing/order/express/express
surveying page pages/sharing/order/comment/comment
Elementtextarea bind function bindinput not yet implemented
surveying page pages/sharing/order/refund/index
surveying page pages/sharing/order/refund/apply/apply
surveying page pages/sharing/order/refund/detail/detail
surveying page pages/article/index
surveying page pages/article/detail/index
surveying page pages/_select/extract_point/index
surveying page pages/shop/detail/index
surveying page pages/store/check/order
surveying page pages/bargain/index/index
surveying page pages/bargain/task/index
surveying page pages/bargain/goods/index
Elementswiper bind function bindchange not yet implemented
surveying page pages/points/log/index
surveying page pages/sharp/index/index
surveying page pages/sharp/goods/index
Elementswiper bind function bindchange not yet implemented
Elementpicker bind function bindchange not yet implemented
surveying page pages/live/index
surveying page pages/area/index
Elementradio-group bind function bindchange not yet implemented
Elementradio-group bind function bindchange not yet implemented
surveying page pages/master/index
Elementswiper bind function bindchange not yet implemented
surveying page pages/about/index
surveying page pages/message/index
