surveying miniprogram /home/bella-xia/auto-testing/wxml_parser/alternative_trial_results/log_9_wxacc203631394b9c4.json
surveying page pages/index/index
surveying page pages/qrcode/qrcode_index/qrcode_index
surveying page pages/login/index
surveying page pages/article/article
surveying page pages/user/user_order/user_order
Elementpicker bind function bindchange not yet implemented
Elementpicker bind function bindchange not yet implemented
Elementview bind function bindscrolltolower not yet implemented
surveying page pages/user/user_index/user_index
Elementgreen-shoots-auth bind function bindchange not yet implemented
surveying page pages/user/user_help/user_help
surveying page pages/sign/index
surveying page pages/user/about/about
surveying page pages/voucher/index
surveying page pages/live/live-bus/live-bus
surveying page pages/live/bus-line/bus-line
Elementmap bind function bindmarkertap not yet implemented
surveying page pages/live/station/station
surveying page pages/bus/search/search
surveying page pages/bus/line/line
surveying page pages/nfc/index/index
surveying page pages/nfc/record/recharge-record
surveying page pages/nfc/record/consume-record
surveying page pages/nfc/result/result
surveying page pages/nfc/result/detail
surveying page pages/live/section/section
surveying page pages/notice/list
surveying page pages/notice/detail
surveying page pages/transfer/index/index
surveying page pages/transfer/line/detail
surveying page pages/transfer/walk/walk
surveying page pages/transfer/address/address
surveying page pages/transfer/address/search
surveying page pages/transfer/address/map
Elementmap bind function bindregionchange not yet implemented
surveying page pages/about-bus/about-bus
surveying page pages/payment/index
