surveying miniprogram /home/bella-xia/auto-testing/wxml_parser/alternative_trial_results/log_2_wx78d2ee5255a3ed63.json
surveying page pages/welcome/welcome
surveying page pages/news/news
surveying page pages/index/index
surveying page pages/history/history
surveying page weather/pages/index/index
surveying page weather/pages/add/add
surveying page weather/pages/logs/logs
surveying page weather/pages/payment/donate
surveying page pages/partake/partake
surveying page pages/address/address
surveying page pages/problem/problem
surveying page pages/lottery/lottery
surveying page pages/questionList/questionList
surveying page pages/withdrawals/withdrawals
surveying page pages/set/set
surveying page pages/all/all
surveying page pages/share/share
surveying page pages/head/head
surveying page pages/shareImg/shareImg
surveying page pages/embed/embed
surveying page pages/my/my
surveying page pages/morexcq/morexcq
surveying page pages/voucher/voucher
surveying page pages/qrvoucher/qrvoucher
surveying page pages/scanning/scanning
surveying page pages/partake1/partake
surveying page pages/list1/list
surveying page pages/my1/my
surveying page pages/myluch/myluch
surveying page pages/mywinn/mywinn
surveying page pages/winnlist/winnlist
surveying page pages/allcode/allcode
surveying page pages/mybuy/mybuy
JSON data successfully written to "/home/bella-xia/auto-testing/wxml_parser/alternative_trial_results/log_2_wx78d2ee5255a3ed63.json"
