surveying miniprogram /home/bella-xia/auto-testing/wxml_parser/alternative_trial_results/log_11_wx9f612fdcc555956c.json
surveying page pages/index/index
surveying page pages/ProductType/ProductType
surveying page pages/PTProductList/PTProductList
surveying page pages/ProductDetail/ProductDetail
surveying page pages/ShoppingCart/ShoppingCart
surveying page pages/OrderCreate/OrderCreate
surveying page pages/AddressCreate/AddressCreate
surveying page pages/AddressList/AddressList
surveying page pages/CouponsList/CouponsList
surveying page pages/UserIndex/UserIndex
surveying page pages/UserInfo/UserInfo
surveying page pages/UserInfoSet/UserInfoSet
surveying page pages/OrderList/OrderList
surveying page pages/OrderInfo/OrderInfo
surveying page pages/OrderTrace/OrderTrace
surveying page pages/MyTeam/MyTeam
surveying page pages/MyTeamAccountCountInfo/MyTeamAccountCountInfo
surveying page pages/MyTeamAccountInfo/MyTeamAccountInfo
surveying page pages/SalesOrderList/SalesOrderList
surveying page pages/MyTeamAccountList/MyTeamAccountList
surveying page pages/MyCoupons/MyCoupons
surveying page pages/MyScore/MyScore
surveying page pages/MyScoreDetail/MyScoreDetail
surveying page pages/ExchangeOrderList/ExchangeOrderList
surveying page pages/ExchangeProductList/ExchangeProductList
surveying page pages/MyCommission/MyCommission
surveying page pages/AccountGetAmountList/AccountGetAmountList
surveying page pages/ExchangeProductDetail/ExchangeProductDetail
surveying page pages/ExchangeOrderCreate/ExchangeOrderCreate
surveying page pages/ExchangeShoppingCart/ExchangeShoppingCart
surveying page pages/ExchangeOrderInfo/ExchangeOrderInfo
surveying page pages/AccountGetAmount/AccountGetAmount
surveying page pages/ProductList/ProductList
surveying page pages/MyShare/MyShare
surveying page pages/Payskip/Payskip
surveying page pages/NewsList/NewsList
surveying page pages/NewsInfo/NewsInfo
surveying page pages/SinglepageInfo/SinglepageInfo
surveying page pages/OrderComment/OrderComment
surveying page pages/MyFavorites/MyFavorites
surveying page pages/MyComment/MyComment
surveying page pages/NewsListColumn/NewsListColumn
surveying page pages/customerform/customerform
surveying page pages/customerformList/customerformList
surveying page pages/customerformDetails/customerformDetails
surveying page pages/Course_Clist/Course_Clist
surveying page pages/Course_List/Course_List
surveying page pages/Course_Detail/Course_Detail
surveying page pages/Course_Category/Course_Category
surveying page pages/Course_History/Course_History
surveying page pages/Course_Mine/Course_Mine
surveying page pages/Course_Reserve/Course_Reserve
surveying page pages/Course_Favorites/Course_Favorites
surveying page pages/StoreList/StoreList
surveying page pages/CouponCenter/CouponCenter
surveying page pages/CouponCenterList/CouponCenterList
surveying page pages/Products/Products
surveying page pages/ProductTypeList/ProductTypeList
surveying page pages/Group_List/Group_List
surveying page pages/Group_Detail/Group_Detail
surveying page pages/Group_GroupDetail/Group_GroupDetail
surveying page pages/Group_OrderCreate/Group_OrderCreate
surveying page pages/Group_OrderList/Group_OrderList
surveying page pages/SecKill_List/SecKill_List
surveying page pages/SecKill_Detail/SecKill_Detail
surveying page pages/LuckDraw/LuckDraw
surveying page pages/MyPrizes/MyPrizes
surveying page pages/MyPrizeClaim/MyPrizeClaim
surveying page pages/OrderRefund/OrderRefund
surveying page pages/About/About
surveying page pages/Feedback/Feedback
surveying page pages/customerformRecommend/customerformRecommend
surveying page pages/WebViewPage/WebViewPage
surveying page pages/virrualCurrencys/virrualCurrencys
surveying page pages/virrualRecharge/virrualRecharge
surveying page pages/virrualCurrencysDetail/virrualCurrencysDetail
surveying page pages/virrualRechargeSuccess/virrualRechargeSuccess
surveying page pages/virrualExchange/virrualExchange
surveying page pages/StoreLists/StoreLists
surveying page pages/Course_CategoryByID/Course_CategoryByID
surveying page pages/customerformDetailList/customerformDetailList
surveying page pages/Page1/Page1
surveying page pages/Page2/Page2
surveying page pages/Page3/Page3
surveying page pages/Page4/Page4
surveying page pages/PageInfo/PageInfo
surveying page pages/PromotionCode/PromotionCode
surveying page pages/Group_Lists/Group_Lists
surveying page pages/zhuanpai/zhuanpai
surveying page pages/CutPriceList/CutPriceList
surveying page pages/CutPriceDetail/CutPriceDetail
surveying page pages/DeliveryInfo/DeliveryInfo
surveying page pages/CutProductDetail/CutProductDetail
surveying page pages/VerifyMobilePhone/VerifyMobilePhone
surveying page pages/MyCutPrice/MyCutPrice
surveying page pages/SetWithdraw/SetWithdraw
surveying page pages/StoreDetails/StoreDetails
surveying page pages/VerificationInfo/VerificationInfo
surveying page pages/VerificationCoupon/VerificationCoupon
surveying page pages/VerificationCouponInfo/VerificationCouponInfo
surveying page pages/MyShareCode/MyShareCode
surveying page pages/MyApplet/MyApplet
JSON data successfully written to "/home/bella-xia/auto-testing/wxml_parser/alternative_trial_results/log_11_wx9f612fdcc555956c.json"
