surveying miniprogram /home/bella-xia/auto-testing/wxml_parser/alternative_trial_results/log_4_wx94453ac9e8af894a.json
surveying page pages/index/index
surveying page pages/physical/physical
surveying page pages/closedoor/closedoor
surveying page pages/recharge/recharge
surveying page pages/iccard/iccard
surveying page pages/familyface/familyface
surveying page pages/refund/refund
surveying page pages/index2/index
surveying page pages/auth/auth
surveying page pages/auth/face_device
surveying page pages/my/my
surveying page pages/cabinet/cabinet
surveying page pages/unpay/unpay
surveying page pages/unpay_order/unpay
surveying page pages/memberinfo/memberinfo
surveying page pages/logs/logs
surveying page pages/record/record
surveying page pages/coupon/coupon
surveying page pages/couponover/couponover
surveying page pages/couponused/couponused
surveying page pages/integral/integral
surveying page pages/overage/overage
surveying page pages/upphoto/upphoto
surveying page pages/paysuccess/paysuccess
surveying page pages/phone_verify/phone_verify
surveying page pages/couponlist/couponlist
JSON data successfully written to "/home/bella-xia/auto-testing/wxml_parser/alternative_trial_results/log_4_wx94453ac9e8af894a.json"
