surveying miniprogram /home/bella-xia/auto-testing/wxml_parser/alternative_trial_results/log_1_wxaf291362a455b5e1.json
surveying page pages/sdf_firstpage/sdf_firstpage
surveying page pages/member_mainpage/member_mainpage
surveying page pages/order_index/order_index
surveying page pages/new_order_list/new_order_list
surveying page pages/store_list/store_list
surveying page pages/order_info/order_info
surveying page pages/order_table/order_table
surveying page pages/turn_table/turn_table
surveying page pages/grade_list/grade_list
surveying page pages/grade_buy/grade_buy
surveying page pages/action_list/action_list
surveying page pages/adver_index/adver_index
surveying page pages/register_member/register_member
surveying page pages/new_register_member/new_register_member
surveying page pages/spellgroup_mainpage/spellgroup_mainpage
surveying page pages/assis_mainpage/assis_mainpage
surveying page pages/bargain_mainpage/bargain_mainpage
surveying page pages/bargain_pay/bargain_pay
surveying page pages/mall_homepage/mall_homepage
surveying page pages/collect_cups/index
JSON data successfully written to "/home/bella-xia/auto-testing/wxml_parser/alternative_trial_results/log_1_wxaf291362a455b5e1.json"
