surveying miniprogram /home/bella-xia/auto-testing/wxml_parser/alternative_trial_results/log_15_wx7bf99600808c08a2.json
surveying page pages/index/index
surveying page pages/fansrank/fansrank
surveying page pages/DIYcontent/DIYcontent
surveying page pages/luckydraw/luckydraw
surveying page pages/smashgoldeneggs/smashgoldeneggs
surveying page pages/fightgroupslist/fightgroupslist
surveying page pages/productdetail/productdetail
surveying page pages/category/category
surveying page pages/fightgroupsdetail/fightgroupsdetail
surveying page pages/cart/cart
surveying page pages/Flavorcho/Flavorcho
surveying page pages/Receivetails/Receivetails
surveying page pages/orderlist/orderlist
surveying page pages/search/search
surveying page pages/UserCenter/UserCenter
surveying page pages/personaldata/personaldata
surveying page pages/cashaccount/cashaccount
surveying page pages/carDdetails/carDdetails
surveying page pages/endorsement/endorsement
surveying page pages/addresslist/addresslist
surveying page pages/addressmanage/addressmanage
surveying page pages/bindphone/bindphone
surveying page pages/orderdetail/orderdetail
surveying page pages/goodcollection/goodcollection
surveying page pages/productlist/productlist
surveying page pages/logisticsprogress/logisticsprogress
surveying page pages/profitlist/profitlist
surveying page pages/fanslist/fanslist
surveying page pages/cashdetaillist/cashdetaillist
surveying page pages/applycash/applycash
surveying page pages/fightgroupsorderlist/fightgroupsorderlist
surveying page pages/nearbylist/nearbylist
surveying page pages/usercoupon/usercoupon
surveying page pages/couponsuitproduct/couponsuitproduct
surveying page pages/applycashdetail/applycashdetail
surveying page pages/suitcouponlist/suitcouponlist
surveying page pages/userfeedback/userfeedback
surveying page pages/PComment/PComment
surveying page pages/PCommentList/PCommentList
surveying page pages/AboutMerchant/AboutMerchant
surveying page pages/favorable/favorable
surveying page pages/favorableorderdetail/favorableorderdetail
surveying page pages/favorablesuitcouponlist/favorablesuitcouponlist
surveying page pages/member/member
surveying page pages/growthValue/growthValue
surveying page pages/integral/integral
surveying page pages/takeOut/takeOut
surveying page pages/video/video
surveying page pages/drawnearbylist/drawnearbylist
surveying page pages/bargain/bargain
surveying page pages/bargainlist/bargainlist
surveying page pages/bargainDetail/bargainDetail
surveying page pages/mybargainlist/mybargainlist
surveying page pages/orderFood/orderFood
surveying page pages/orderTrue/orderTrue
surveying page pages/scan/scan
surveying page pages/remark/remark
surveying page pages/orderMessage/orderMessage
surveying page pages/orderPay/orderPay
surveying page pages/orderMessageDetail/orderMessageDetail
surveying page pages/QRcode/QRcode
surveying page pages/navigationpage/navigationpage
surveying page pages/newsletter/newsletter
surveying page pages/SecondaryPage/SecondaryPage
surveying page pages/integralPage/integralPage
surveying page pages/publicQRcode/publicQRcode
surveying page pages/recharge/recharge
surveying page pages/cashbalance/cashbalance
surveying page pages/rechargeorderdetail/rechargeorderdetail
surveying page pages/webpage/webpage
surveying page pages/redpacket/redpacket
surveying page pages/luckyfightgroupslist/luckyfightgroupslist
surveying page pages/greetingCard/greetingCard
surveying page pages/Popularitycharts/Popularitycharts
surveying page pages/receivecontent/receivecontent
surveying page pages/Seconds/Seconds
surveying page pages/moneyrule/moneyrule
surveying page server/productdetail/productdetail
surveying page server/productList/productList
surveying page server/orderlist/orderlist
surveying page pages/invoiceSave/invoiceSave
surveying page pages/invoiceDetail/invoiceDetail
JSON data successfully written to "/home/bella-xia/auto-testing/wxml_parser/alternative_trial_results/log_15_wx7bf99600808c08a2.json"
