surveying miniprogram /home/bella-xia/auto-testing/wxml_parser/alternative_trial_results/log_13_wx7fbb70a732424777.json
surveying page pages/start/start
surveying page pages/home/home
surveying page pages/news/news
surveying page pages/activity/activity
surveying page pages/activity/detail/activityDetail
surveying page pages/mine/mine
surveying page pages/chamber/chamber
surveying page pages/member/member
surveying page pages/news/article/article
surveying page pages/member/article/article
surveying page pages/join/memberClaim/first/claimInfo
surveying page pages/mine/list/callbook/callbook
surveying page pages/mine/list/chamber/mychamber
surveying page pages/mine/list/chamber/record/payrecord
surveying page pages/mine/list/chamber/archives/archives
surveying page pages/mine/list/chamberclub/chamberClub
surveying page pages/mine/toolbar/message/mymessage
surveying page pages/mine/toolbar/message/messageinfo/messageInfo
surveying page pages/mine/toolbar/activity/myactivity
surveying page pages/album/albumList/albumList
surveying page pages/album/albumDetail/albumDetail
surveying page pages/question/question
surveying page pages/question/questStart/questStart
surveying page pages/question/questionAll/questionAll
surveying page pages/homeSlideDetail/homeSlideDetail
surveying page pages/join/memberApply/preface/preface
surveying page pages/join/memberApply/joinMember/joinMember
surveying page pages/join/circleApply/circleApply
surveying page pages/question/questionList/questionList
surveying page pages/web/web
surveying page pages/company/company
surveying page pages/search/searchList/searchList
JSON data successfully written to "/home/bella-xia/auto-testing/wxml_parser/alternative_trial_results/log_13_wx7fbb70a732424777.json"
