surveying miniprogram /home/bella-xia/auto-testing/wxml_parser/alternative_trial_results/log_7_wx0bc8123197e70985.json
surveying page pages/index/index
surveying page pages/governmentCoupon/index/index
surveying page pages/governmentCoupon/my/index
surveying page pages/index/order/index
surveying page pages/productOrder/list/list
surveying page pages/venue/list/list
surveying page pages/venue/orderProduct/orderProduct
surveying page pages/venue/detail/detail
surveying page pages/productOrder/code/code
surveying page pages/venue/selectCoupon/selectCoupon
surveying page pages/user/authentication/authentication
surveying page pages/user/chinabank/index
surveying page pages/user/opencard/link_one
surveying page pages/user/opencard/link_two
surveying page pages/productOrder/pay/pay
surveying page pages/venue/map/map
surveying page pages/venue/product/product
surveying page pages/productOrder/comment/comment
surveying page pages/governmentCoupon/collectCoupon/collectCoupon
surveying page pages/productOrder/paySuccess/paySuccess
surveying page pages/user/abnormalAuthentication/abnormalAuthentication
surveying page pages/productOrder/detail/detail
surveying page pages/list/list
surveying page pages/productOrder/rotate/rotate
surveying page pages/notice/notice
surveying page pages/Activity/newactivity
surveying page pages/Lottery/lottery
JSON data successfully written to "/home/bella-xia/auto-testing/wxml_parser/alternative_trial_results/log_7_wx0bc8123197e70985.json"
