surveying miniprogram /home/bella-xia/auto-testing/wxml_parser/alternative_trial_results/log_6_wx83a1f19d142cbfb8.json
surveying page pages/workMainpage/workMainpage
surveying page pages/opendocument/opendocument
surveying page pages/myPersonDetail/myPersonDetail
surveying page pages/jiejingMessage/jiejingMessage
surveying page pages/payplatform/payplatform
surveying page pages/customerManage/customerDetail/customerDetail
surveying page pages/customerManage/customerList/customerList
surveying page pages/work/work
surveying page pages/customerManage/customerManage
surveying page pages/work/myTable/myTable
surveying page pages/login/login
surveying page pages/index/index
surveying page pages/logs/logs
surveying page pages/myLog/myLog
surveying page pages/work/task/task
surveying page pages/work/addtask/addtask
surveying page pages/work/addPeople/addPeople
surveying page pages/work/taskDetail/taskDetail
surveying page pages/myLog/addLog/addLog
surveying page pages/work/taskSuccess/taskSuccess
surveying page pages/myLog/editeLog/editeLog
surveying page pages/workMainpage/workWebPage/workWebPage
surveying page pages/locationSel/locationSel
surveying page pages/successStatus/successStatus
JSON data successfully written to "/home/bella-xia/auto-testing/wxml_parser/alternative_trial_results/log_6_wx83a1f19d142cbfb8.json"
