surveying miniprogram /home/bella-xia/auto-testing/wxml_parser/alternative_trial_results/log_14_wxa12867f7bb06a013.json
surveying page pages/index/index
surveying page pages/category/index
surveying page pages/population/index
surveying page pages/population/add
surveying page pages/replace/connect
surveying page pages/heating/scouting
surveying page pages/property/index
surveying page pages/account/addr
surveying page pages/account/apply
surveying page pages/account/choose
surveying page pages/discover/index
surveying page pages/mall/index/index
surveying page pages/mall/address/index
surveying page pages/mall/address/create
surveying page pages/mall/address/detail
surveying page pages/mall/category/index
surveying page pages/mall/category/list
surveying page pages/mall/flow/index
surveying page pages/mall/flow/checkout
surveying page pages/mall/goods/index
surveying page pages/mall/login/login
surveying page pages/mall/login/staff
surveying page pages/mall/order/index
surveying page pages/mall/order/detail
surveying page pages/mall/search/index
surveying page pages/user/index
surveying page pages/bill/bills
surveying page pages/bill/details
surveying page pages/bill/pay
surveying page pages/account/bindUser
surveying page pages/account/userList
surveying page pages/account/how
surveying page pages/authorize/authorize
surveying page pages/recharge/recharge
surveying page pages/recharge/znRecharge
surveying page pages/recharge/VCCTransfer
surveying page pages/recharge/VCCSelectCard
surveying page pages/recharge/HRTransfer
surveying page pages/recharge/JNGHRecharge
surveying page pages/recharge/icRecharge
surveying page pages/recharge/bleRecharge
surveying page pages/recharge/TCRecharge
surveying page pages/recharge/CRMRecharge
surveying page pages/recharge/selectCard
surveying page pages/payResult/payResult
surveying page pages/payRecord/payRecord
surveying page pages/payRecord/vccTransferRecord
surveying page pages/payRecord/vccTransferRecordDetail
surveying page pages/payRecord/payRecordDetails
surveying page pages/payRecord/notTransferRecord
surveying page pages/branches/index
surveying page pages/branches/map
surveying page pages/help/standard
surveying page pages/help/account
surveying page pages/help/doubt
surveying page pages/help/feedProblem
surveying page pages/help/hotServiceTel
surveying page pages/help/help
surveying page pages/feeGuide/index
surveying page pages/notice/list
surveying page pages/analyse/index
surveying page pages/notice/details
surveying page pages/ignite/index
surveying page pages/residentBusiness/installApply
surveying page pages/residentBusiness/progressList
surveying page pages/residentBusiness/acceptanceProgress
surveying page pages/readMeter/readMeter
surveying page pages/readMeter/readMeterRecord
surveying page pages/readMeter/readMeterResult
surveying page pages/residentBusiness/bussniessPay
surveying page pages/residentBusiness/residentBusiness
surveying page pages/residentBusiness/transferName
surveying page pages/residentBusiness/pipeAlteration
surveying page pages/residentBusiness/cookerRepair
surveying page pages/residentBusiness/modifyApplyInfo
surveying page pages/residentBusiness/modifyContactInfo
surveying page pages/residentBusiness/gasupplement
surveying page pages/staffPath/staffPath
surveying page pages/staffPath/infoDetail
surveying page pages/staffPath/login
surveying page pages/nonresidentBusiness/nonresidentBusiness
surveying page pages/nonresidentBusiness/openAccount
surveying page pages/nonresidentBusiness/igniteApply
surveying page pages/nonresidentBusiness/changePaymethod
surveying page pages/nonresidentBusiness/changeBillInfo
surveying page pages/nonresidentBusiness/pipeAlteration
surveying page pages/nonresidentBusiness/transferHouse
surveying page pages/nonresidentBusiness/closeAccount
surveying page pages/electronicInvoice/electronicInvoice
surveying page pages/electronicInvoice/openBillInfo
surveying page pages/electronicInvoice/historyRecord
surveying page pages/electronicInvoice/billDetailInfo
surveying page pages/zjkBankEnter/zjkBankEnter
surveying page pages/industryBusiness/industryBusiness
surveying page pages/gasReport/gasReport
surveying page pages/gasReport/reportRecord
surveying page pages/gasReport/gasBillList
surveying page pages/gasReport/gasBillDetail
JSON data successfully written to "/home/bella-xia/auto-testing/wxml_parser/alternative_trial_results/log_14_wxa12867f7bb06a013.json"
